{"level":"info","msg":"Успешно подключено к MongoDB","time":"2025-01-08T02:59:36+05:00"}
{"level":"info","msg":"Server started on http://localhost:8080","time":"2025-01-08T02:59:36+05:00"}
{"ip":"[::1]:54864","level":"info","method":"POST","msg":"Request received","time":"2025-01-08T03:00:18+05:00","url":"/cart/add"}
{"level":"info","msg":"Cigarette added to cart successfully","time":"2025-01-08T03:00:18+05:00"}
{"ip":"[::1]:54864","level":"info","method":"POST","msg":"Request received","time":"2025-01-08T03:00:20+05:00","url":"/cart/add"}
{"level":"info","msg":"Cigarette added to cart successfully","time":"2025-01-08T03:00:20+05:00"}
{"ip":"[::1]:54864","level":"info","method":"POST","msg":"Request received","time":"2025-01-08T03:00:22+05:00","url":"/cart/add"}
{"level":"info","msg":"Cigarette added to cart successfully","time":"2025-01-08T03:00:22+05:00"}
{"ip":"[::1]:54868","level":"info","method":"POST","msg":"Request received","time":"2025-01-08T03:00:23+05:00","url":"/cart/add"}
{"level":"info","msg":"Cigarette added to cart successfully","time":"2025-01-08T03:00:23+05:00"}
{"level":"info","msg":"Успешно подключено к MongoDB","time":"2025-01-08T03:01:06+05:00"}
{"level":"info","msg":"Server started on http://localhost:8080","time":"2025-01-08T03:01:06+05:00"}
{"ip":"[::1]:54881","level":"info","method":"POST","msg":"Request received","time":"2025-01-08T03:01:13+05:00","url":"/cart/add"}
{"level":"info","msg":"Cigarette added to cart successfully","time":"2025-01-08T03:01:13+05:00"}
{"ip":"[::1]:54881","level":"info","method":"POST","msg":"Request received","time":"2025-01-08T03:01:14+05:00","url":"/cart/add"}
{"level":"info","msg":"Cigarette added to cart successfully","time":"2025-01-08T03:01:14+05:00"}
{"level":"info","msg":"Успешно подключено к MongoDB","time":"2025-01-08T03:07:41+05:00"}
{"level":"info","msg":"Server started on http://localhost:8080","time":"2025-01-08T03:07:41+05:00"}
{"ip":"[::1]:54970","level":"info","method":"POST","msg":"Request received","time":"2025-01-08T03:07:55+05:00","url":"/cart/add"}
{"level":"info","msg":"Cigarette added to cart successfully","time":"2025-01-08T03:07:55+05:00"}
{"ip":"[::1]:54970","level":"info","method":"POST","msg":"Request received","time":"2025-01-08T03:07:55+05:00","url":"/cart/add"}
{"level":"info","msg":"Cigarette added to cart successfully","time":"2025-01-08T03:07:55+05:00"}
{"ip":"[::1]:54970","level":"info","method":"POST","msg":"Request received","time":"2025-01-08T03:07:55+05:00","url":"/cart/add"}
{"level":"info","msg":"Cigarette added to cart successfully","time":"2025-01-08T03:07:55+05:00"}
{"ip":"[::1]:54970","level":"info","method":"POST","msg":"Request received","time":"2025-01-08T03:07:55+05:00","url":"/cart/add"}
{"level":"info","msg":"Cigarette added to cart successfully","time":"2025-01-08T03:07:55+05:00"}
{"ip":"[::1]:54970","level":"info","method":"POST","msg":"Request received","time":"2025-01-08T03:07:55+05:00","url":"/cart/add"}
{"level":"info","msg":"Cigarette added to cart successfully","time":"2025-01-08T03:07:55+05:00"}
{"level":"info","msg":"Rate limit exceeded for IP: [::1]:54970","time":"2025-01-08T03:07:55+05:00"}
{"level":"info","msg":"Rate limit exceeded for IP: [::1]:54970","time":"2025-01-08T03:07:56+05:00"}
{"level":"info","msg":"Rate limit exceeded for IP: [::1]:54970","time":"2025-01-08T03:07:56+05:00"}
{"level":"info","msg":"Rate limit exceeded for IP: [::1]:54970","time":"2025-01-08T03:07:56+05:00"}
{"ip":"[::1]:54974","level":"info","method":"POST","msg":"Request received","time":"2025-01-08T03:07:59+05:00","url":"/cart/add"}
{"level":"info","msg":"Cigarette added to cart successfully","time":"2025-01-08T03:07:59+05:00"}
{"ip":"[::1]:54974","level":"info","method":"POST","msg":"Request received","time":"2025-01-08T03:08:02+05:00","url":"/cart/add"}
{"level":"info","msg":"Cigarette added to cart successfully","time":"2025-01-08T03:08:02+05:00"}
{"ip":"[::1]:54974","level":"info","method":"POST","msg":"Request received","time":"2025-01-08T03:08:02+05:00","url":"/cart/add"}
{"level":"info","msg":"Cigarette added to cart successfully","time":"2025-01-08T03:08:02+05:00"}
{"ip":"[::1]:54974","level":"info","method":"POST","msg":"Request received","time":"2025-01-08T03:08:05+05:00","url":"/cart/add"}
{"level":"info","msg":"Cigarette added to cart successfully","time":"2025-01-08T03:08:05+05:00"}
{"ip":"[::1]:54974","level":"info","method":"POST","msg":"Request received","time":"2025-01-08T03:08:05+05:00","url":"/cart/add"}
{"level":"info","msg":"Cigarette added to cart successfully","time":"2025-01-08T03:08:05+05:00"}
{"level":"info","msg":"Rate limit exceeded for IP: [::1]:54974","time":"2025-01-08T03:08:05+05:00"}
{"level":"info","msg":"Rate limit exceeded for IP: [::1]:54974","time":"2025-01-08T03:08:05+05:00"}
{"level":"info","msg":"Rate limit exceeded for IP: [::1]:54974","time":"2025-01-08T03:08:05+05:00"}
{"level":"info","msg":"Rate limit exceeded for IP: [::1]:54974","time":"2025-01-08T03:08:06+05:00"}
{"level":"info","msg":"Rate limit exceeded for IP: [::1]:54974","time":"2025-01-08T03:08:08+05:00"}
{"level":"info","msg":"Rate limit exceeded for IP: [::1]:54974","time":"2025-01-08T03:08:08+05:00"}
{"level":"info","msg":"Rate limit exceeded for IP: [::1]:54974","time":"2025-01-08T03:08:08+05:00"}
{"level":"info","msg":"Rate limit exceeded for IP: [::1]:54974","time":"2025-01-08T03:08:08+05:00"}
{"level":"info","msg":"Rate limit exceeded for IP: [::1]:54974","time":"2025-01-08T03:08:08+05:00"}
{"ip":"[::1]:54975","level":"info","method":"POST","msg":"Request received","time":"2025-01-08T03:08:08+05:00","url":"/cart/add"}
{"level":"info","msg":"Cigarette added to cart successfully","time":"2025-01-08T03:08:08+05:00"}
{"ip":"[::1]:54975","level":"info","method":"POST","msg":"Request received","time":"2025-01-08T03:08:10+05:00","url":"/cart/add"}
{"level":"info","msg":"Cigarette added to cart successfully","time":"2025-01-08T03:08:10+05:00"}
{"ip":"[::1]:54975","level":"info","method":"POST","msg":"Request received","time":"2025-01-08T03:08:11+05:00","url":"/cart/add"}
{"level":"info","msg":"Cigarette added to cart successfully","time":"2025-01-08T03:08:11+05:00"}
{"ip":"[::1]:54975","level":"info","method":"POST","msg":"Request received","time":"2025-01-08T03:08:11+05:00","url":"/cart/add"}
{"level":"info","msg":"Cigarette added to cart successfully","time":"2025-01-08T03:08:11+05:00"}
{"ip":"[::1]:54975","level":"info","method":"POST","msg":"Request received","time":"2025-01-08T03:08:13+05:00","url":"/cart/add"}
{"level":"info","msg":"Cigarette added to cart successfully","time":"2025-01-08T03:08:13+05:00"}
{"level":"info","msg":"Rate limit exceeded for IP: [::1]:54975","time":"2025-01-08T03:08:13+05:00"}
{"level":"info","msg":"Rate limit exceeded for IP: [::1]:54975","time":"2025-01-08T03:08:13+05:00"}
{"level":"info","msg":"Rate limit exceeded for IP: [::1]:54975","time":"2025-01-08T03:08:14+05:00"}
{"level":"info","msg":"Rate limit exceeded for IP: [::1]:54975","time":"2025-01-08T03:08:14+05:00"}
{"level":"info","msg":"Rate limit exceeded for IP: [::1]:54975","time":"2025-01-08T03:08:14+05:00"}
{"level":"info","msg":"Rate limit exceeded for IP: [::1]:54975","time":"2025-01-08T03:08:14+05:00"}
{"level":"info","msg":"Rate limit exceeded for IP: [::1]:54975","time":"2025-01-08T03:08:16+05:00"}
{"level":"info","msg":"Rate limit exceeded for IP: [::1]:54975","time":"2025-01-08T03:08:17+05:00"}
{"level":"info","msg":"Rate limit exceeded for IP: [::1]:54975","time":"2025-01-08T03:08:17+05:00"}
{"level":"info","msg":"Rate limit exceeded for IP: [::1]:54975","time":"2025-01-08T03:08:17+05:00"}
{"level":"info","msg":"Rate limit exceeded for IP: [::1]:54975","time":"2025-01-08T03:08:17+05:00"}
{"ip":"[::1]:54976","level":"info","method":"POST","msg":"Request received","time":"2025-01-08T03:08:20+05:00","url":"/cart/add"}
{"level":"info","msg":"Cigarette added to cart successfully","time":"2025-01-08T03:08:20+05:00"}
{"ip":"[::1]:54976","level":"info","method":"POST","msg":"Request received","time":"2025-01-08T03:08:20+05:00","url":"/cart/add"}
{"level":"info","msg":"Cigarette added to cart successfully","time":"2025-01-08T03:08:20+05:00"}
{"ip":"[::1]:54976","level":"info","method":"POST","msg":"Request received","time":"2025-01-08T03:08:20+05:00","url":"/cart/add"}
{"level":"info","msg":"Cigarette added to cart successfully","time":"2025-01-08T03:08:20+05:00"}
{"ip":"[::1]:54976","level":"info","method":"POST","msg":"Request received","time":"2025-01-08T03:08:20+05:00","url":"/cart/add"}
{"level":"info","msg":"Cigarette added to cart successfully","time":"2025-01-08T03:08:20+05:00"}
{"ip":"[::1]:54976","level":"info","method":"POST","msg":"Request received","time":"2025-01-08T03:08:22+05:00","url":"/cart/add"}
{"level":"info","msg":"Cigarette added to cart successfully","time":"2025-01-08T03:08:22+05:00"}
{"level":"info","msg":"Rate limit exceeded for IP: [::1]:54976","time":"2025-01-08T03:08:22+05:00"}
{"level":"info","msg":"Rate limit exceeded for IP: [::1]:54976","time":"2025-01-08T03:08:23+05:00"}
{"level":"info","msg":"Rate limit exceeded for IP: [::1]:54976","time":"2025-01-08T03:08:23+05:00"}
{"level":"info","msg":"Rate limit exceeded for IP: [::1]:54976","time":"2025-01-08T03:08:23+05:00"}
{"level":"info","msg":"Rate limit exceeded for IP: [::1]:54976","time":"2025-01-08T03:08:23+05:00"}
{"level":"info","msg":"Rate limit exceeded for IP: [::1]:54976","time":"2025-01-08T03:08:24+05:00"}
{"level":"info","msg":"Rate limit exceeded for IP: [::1]:54976","time":"2025-01-08T03:08:25+05:00"}
